<?xml version="1.0" encoding="UTF-8"?>
<coverage generated="1678016071364" clover="3.2.0">
  <project timestamp="1678016071364" name="All files">
    <metrics statements="10" coveredstatements="10" conditionals="5" coveredconditionals="5" methods="5" coveredmethods="5" elements="20" coveredelements="20" complexity="0" loc="10" ncloc="10" packages="1" files="4" classes="4"/>
    <file name="arrayify.js" path="/Users/hebaskhail/Desktop/Projects/Testing/src/arrayify.js">
      <metrics statements="2" coveredstatements="2" conditionals="3" coveredconditionals="3" methods="1" coveredmethods="1"/>
      <line num="5" count="3" type="cond" truecount="2" falsecount="0"/>
      <line num="9" count="1" type="stmt"/>
    </file>
    <file name="getAge.js" path="/Users/hebaskhail/Desktop/Projects/Testing/src/getAge.js">
      <metrics statements="4" coveredstatements="4" conditionals="2" coveredconditionals="2" methods="1" coveredmethods="1"/>
      <line num="2" count="4" type="cond" truecount="2" falsecount="0"/>
      <line num="3" count="2" type="stmt"/>
      <line num="6" count="2" type="stmt"/>
      <line num="10" count="1" type="stmt"/>
    </file>
    <file name="isEven.js" path="/Users/hebaskhail/Desktop/Projects/Testing/src/isEven.js">
      <metrics statements="2" coveredstatements="2" conditionals="0" coveredconditionals="0" methods="1" coveredmethods="1"/>
      <line num="4" count="4" type="stmt"/>
      <line num="7" count="1" type="stmt"/>
    </file>
    <file name="sum.js" path="/Users/hebaskhail/Desktop/Projects/Testing/src/sum.js">
      <metrics statements="2" coveredstatements="2" conditionals="0" coveredconditionals="0" methods="2" coveredmethods="2"/>
      <line num="3" count="16" type="stmt"/>
      <line num="7" count="1" type="stmt"/>
    </file>
  </project>
</coverage>
