TN:
SF:src/arrayify.js
FN:3,arrayify
FNF:1
FNH:1
FNDA:3,arrayify
DA:5,3
DA:9,1
LF:2
LH:2
BRDA:3,0,0,1
BRDA:5,1,0,2
BRDA:5,1,1,1
BRF:3
BRH:3
end_of_record
TN:
SF:src/getAge.js
FN:1,getAge
FNF:1
FNH:1
FNDA:4,getAge
DA:2,4
DA:3,2
DA:6,2
DA:10,1
LF:4
LH:4
BRDA:2,0,0,2
BRDA:2,0,1,2
BRF:2
BRH:2
end_of_record
TN:
SF:src/isEven.js
FN:3,isEven
FNF:1
FNH:1
FNDA:4,isEven
DA:4,4
DA:7,1
LF:2
LH:2
BRF:0
BRH:0
end_of_record
TN:
SF:src/sum.js
FN:2,sum
FN:3,(anonymous_1)
FNF:2
FNH:2
FNDA:8,sum
FNDA:16,(anonymous_1)
DA:3,16
DA:7,1
LF:2
LH:2
BRF:0
BRH:0
end_of_record
